<?xml version="1.0" encoding="UTF-8"?>
<testsuite name="dslab.transfer.TransferServerProtocolTest" tests="6" skipped="0" failures="0" errors="0" timestamp="2023-11-15T19:44:26" hostname="Thomass-MacBook-Pro-2.local" time="154.863">
  <properties/>
  <testcase name="tfs_02_sendWithoutData_returnsErrorOnSend" classname="dslab.transfer.TransferServerProtocolTest" time="3.009"/>
  <testcase name="tfs_01_dmtp_simple" classname="dslab.transfer.TransferServerProtocolTest" time="3.015"/>
  <testcase name="tfs_03_sendWithoutRecipient_returnsErrorOnSend" classname="dslab.transfer.TransferServerProtocolTest" time="3.009"/>
  <testcase name="tfs_02_sendWithoutData_returnsErrorOnSend" classname="dslab.transfer.TransferServerProtocolTest" time="3.012"/>
  <testcase name="tfs_01_dmtp_simple" classname="dslab.transfer.TransferServerProtocolTest" time="3.012"/>
  <testcase name="tfs_03_sendWithoutRecipient_returnsErrorOnSend" classname="dslab.transfer.TransferServerProtocolTest" time="3.005"/>
  <system-out><![CDATA[Test Run Finished: TransferServerProtocolTest
Test Name                                                                        Max Points      Earned Points  
-------------------------------------------------------------------              ----------      ------------   
tfs_03_sendWithoutRecipient_returnsErrorOnSend                                   0,50            0,50           
tfs_01_dmtp_simple                                                               1,50            1,50           
tfs_02_sendWithoutData_returnsErrorOnSend                                        0,50            0,50           
Total points possible: 2.5
Total points earned: 2.5

]]></system-out>
  <system-err><![CDATA[Nov 15, 2023 8:44:26 PM dslab.transfer.TransferServerProtocolTest setUp
INFO: Waiting for server socket to appear
Nov 15, 2023 8:44:29 PM dslab.transfer.TransferServerProtocolTest setUp
INFO: Waiting for server socket to appear
Nov 15, 2023 8:44:32 PM dslab.transfer.TransferServerProtocolTest setUp
INFO: Waiting for server socket to appear
Nov 15, 2023 8:46:52 PM dslab.transfer.TransferServerProtocolTest setUp
INFO: Waiting for server socket to appear
Nov 15, 2023 8:46:55 PM dslab.transfer.TransferServerProtocolTest setUp
INFO: Waiting for server socket to appear
Nov 15, 2023 8:46:58 PM dslab.transfer.TransferServerProtocolTest setUp
INFO: Waiting for server socket to appear
]]></system-err>
</testsuite>
