<?xml version="1.0" encoding="UTF-8"?>
<testsuite name="dslab.monitoring.MonitoringServerTest" tests="1" skipped="0" failures="0" errors="0" timestamp="2023-10-22T14:35:54" hostname="Thomass-MacBook-Pro-2.local" time="6.063">
  <properties/>
  <testcase name="mon_00_runAndShutdownMonitoringServer_createsAndStopsUdpSocketCorrectly" classname="dslab.monitoring.MonitoringServerTest" time="6.063"/>
  <system-out><![CDATA[Socket closed
IOException occurred
Test Run Finished: MonitoringServerTest
Test Name                                                                        Max Points      Earned Points  
-------------------------------------------------------------------              ----------      ------------   
mon_00_runAndShutdownMonitoringServer_createsAndStopsUdpSocketCorrectly          0,50            0,50           
Total points possible: 0.5
Total points earned: 0.5

]]></system-out>
  <system-err><![CDATA[Oct 22, 2023 4:35:54 PM dslab.monitoring.MonitoringServerTest mon_00_runAndShutdownMonitoringServer_createsAndStopsUdpSocketCorrectly
INFO: Starting thread with component dslab.monitoring.MonitoringServer@f53071
Oct 22, 2023 4:35:57 PM dslab.monitoring.MonitoringServerTest mon_00_runAndShutdownMonitoringServer_createsAndStopsUdpSocketCorrectly
INFO: Trying to create socket on port 12588
Oct 22, 2023 4:35:57 PM dslab.monitoring.MonitoringServerTest mon_00_runAndShutdownMonitoringServer_createsAndStopsUdpSocketCorrectly
INFO: Shutting down component dslab.monitoring.MonitoringServer@f53071
Oct 22, 2023 4:36:00 PM dslab.monitoring.MonitoringServerTest mon_00_runAndShutdownMonitoringServer_createsAndStopsUdpSocketCorrectly
INFO: Waiting for thread to stop for component dslab.monitoring.MonitoringServer@f53071
]]></system-err>
</testsuite>
