<?xml version="1.0" encoding="UTF-8"?>
<testsuite name="dslab.mailbox.MailboxServerProtocolTest" tests="18" skipped="0" failures="0" errors="0" timestamp="2023-11-15T19:44:38" hostname="Thomass-MacBook-Pro-2.local" time="133.771">
  <properties/>
  <testcase name="mbx_02_dmtp_ignoresForeignAddresses" classname="dslab.mailbox.MailboxServerProtocolTest" time="3.012"/>
  <testcase name="mbx_08_show_showsEmailCorrectly" classname="dslab.mailbox.MailboxServerProtocolTest" time="5.047"/>
  <testcase name="mbx_01_dmtp_simple" classname="dslab.mailbox.MailboxServerProtocolTest" time="3.013"/>
  <testcase name="mbx_07_list_showsOnlyUsersEmails" classname="dslab.mailbox.MailboxServerProtocolTest" time="5.027"/>
  <testcase name="mbx_03_dmtp_rejectsUnknownAddresses" classname="dslab.mailbox.MailboxServerProtocolTest" time="3.016"/>
  <testcase name="mbx_06_list_showsAcceptedMailCorrectly" classname="dslab.mailbox.MailboxServerProtocolTest" time="4.021"/>
  <testcase name="mbx_05_login_Logout" classname="dslab.mailbox.MailboxServerProtocolTest" time="3.009"/>
  <testcase name="mbx_09_delete_removesMail" classname="dslab.mailbox.MailboxServerProtocolTest" time="4.022"/>
  <testcase name="mbx_04_login_withIllegalCredentials" classname="dslab.mailbox.MailboxServerProtocolTest" time="3.012"/>
  <testcase name="mbx_02_dmtp_ignoresForeignAddresses" classname="dslab.mailbox.MailboxServerProtocolTest" time="3.01"/>
  <testcase name="mbx_08_show_showsEmailCorrectly" classname="dslab.mailbox.MailboxServerProtocolTest" time="5.021"/>
  <testcase name="mbx_01_dmtp_simple" classname="dslab.mailbox.MailboxServerProtocolTest" time="3.012"/>
  <testcase name="mbx_07_list_showsOnlyUsersEmails" classname="dslab.mailbox.MailboxServerProtocolTest" time="5.028"/>
  <testcase name="mbx_03_dmtp_rejectsUnknownAddresses" classname="dslab.mailbox.MailboxServerProtocolTest" time="3.017"/>
  <testcase name="mbx_06_list_showsAcceptedMailCorrectly" classname="dslab.mailbox.MailboxServerProtocolTest" time="4.019"/>
  <testcase name="mbx_05_login_Logout" classname="dslab.mailbox.MailboxServerProtocolTest" time="3.013"/>
  <testcase name="mbx_09_delete_removesMail" classname="dslab.mailbox.MailboxServerProtocolTest" time="4.022"/>
  <testcase name="mbx_04_login_withIllegalCredentials" classname="dslab.mailbox.MailboxServerProtocolTest" time="3.021"/>
  <system-out><![CDATA[Test Run Finished: MailboxServerProtocolTest
Test Name                                                                        Max Points      Earned Points  
-------------------------------------------------------------------              ----------      ------------   
mbx_09_delete_removesMail                                                        0,50            0,50           
mbx_06_list_showsAcceptedMailCorrectly                                           0,50            0,50           
mbx_08_show_showsEmailCorrectly                                                  1,00            1,00           
mbx_05_login_Logout                                                              0,50            0,50           
mbx_02_dmtp_ignoresForeignAddresses                                              0,50            0,50           
mbx_04_login_withIllegalCredentials                                              0,50            0,50           
mbx_01_dmtp_simple                                                               0,50            0,50           
mbx_03_dmtp_rejectsUnknownAddresses                                              0,50            0,50           
mbx_07_list_showsOnlyUsersEmails                                                 1,00            1,00           
Total points possible: 5.5
Total points earned: 5.5

]]></system-out>
  <system-err><![CDATA[Nov 15, 2023 8:44:38 PM dslab.mailbox.MailboxServerProtocolTest setUp
INFO: Waiting for server sockets to appear
Nov 15, 2023 8:44:41 PM dslab.mailbox.MailboxServerProtocolTest setUp
INFO: Waiting for server sockets to appear
Nov 15, 2023 8:44:46 PM dslab.mailbox.MailboxServerProtocolTest setUp
INFO: Waiting for server sockets to appear
Nov 15, 2023 8:44:49 PM dslab.mailbox.MailboxServerProtocolTest setUp
INFO: Waiting for server sockets to appear
Nov 15, 2023 8:44:54 PM dslab.mailbox.MailboxServerProtocolTest setUp
INFO: Waiting for server sockets to appear
Nov 15, 2023 8:44:57 PM dslab.mailbox.MailboxServerProtocolTest setUp
INFO: Waiting for server sockets to appear
Nov 15, 2023 8:45:01 PM dslab.mailbox.MailboxServerProtocolTest setUp
INFO: Waiting for server sockets to appear
Nov 15, 2023 8:45:04 PM dslab.mailbox.MailboxServerProtocolTest setUp
INFO: Waiting for server sockets to appear
Nov 15, 2023 8:45:08 PM dslab.mailbox.MailboxServerProtocolTest setUp
INFO: Waiting for server sockets to appear
Nov 15, 2023 8:46:18 PM dslab.mailbox.MailboxServerProtocolTest setUp
INFO: Waiting for server sockets to appear
Nov 15, 2023 8:46:21 PM dslab.mailbox.MailboxServerProtocolTest setUp
INFO: Waiting for server sockets to appear
Nov 15, 2023 8:46:26 PM dslab.mailbox.MailboxServerProtocolTest setUp
INFO: Waiting for server sockets to appear
Nov 15, 2023 8:46:29 PM dslab.mailbox.MailboxServerProtocolTest setUp
INFO: Waiting for server sockets to appear
Nov 15, 2023 8:46:34 PM dslab.mailbox.MailboxServerProtocolTest setUp
INFO: Waiting for server sockets to appear
Nov 15, 2023 8:46:37 PM dslab.mailbox.MailboxServerProtocolTest setUp
INFO: Waiting for server sockets to appear
Nov 15, 2023 8:46:41 PM dslab.mailbox.MailboxServerProtocolTest setUp
INFO: Waiting for server sockets to appear
Nov 15, 2023 8:46:44 PM dslab.mailbox.MailboxServerProtocolTest setUp
INFO: Waiting for server sockets to appear
Nov 15, 2023 8:46:48 PM dslab.mailbox.MailboxServerProtocolTest setUp
INFO: Waiting for server sockets to appear
]]></system-err>
</testsuite>
