<?xml version="1.0" encoding="UTF-8"?>
<testsuite name="dslab.scenario.lab1.TransferMailboxScenarioTest" tests="3" skipped="0" failures="1" errors="0" timestamp="2023-11-15T00:31:29" hostname="Thomass-MacBook-Pro-2.local" time="30.271">
  <properties/>
  <testcase name="scen_01_simpleEmailSending" classname="dslab.scenario.lab1.TransferMailboxScenarioTest" time="10.137"/>
  <testcase name="scen_02_multipleRecipients" classname="dslab.scenario.lab1.TransferMailboxScenarioTest" time="10.07"/>
  <testcase name="scen_03_failureMessage" classname="dslab.scenario.lab1.TransferMailboxScenarioTest" time="10.062">
    <failure message="java.lang.AssertionError: expected a mail from mailer@ in inbox&#10;Expected: a string containing &quot;mailer@&quot;&#10;     but: was &quot;no mails for this users&quot;" type="java.lang.AssertionError">java.lang.AssertionError: expected a mail from mailer@ in inbox
Expected: a string containing &quot;mailer@&quot;
     but: was &quot;no mails for this users&quot;
	at org.hamcrest.MatcherAssert.assertThat(MatcherAssert.java:20)
	at org.junit.Assert.assertThat(Assert.java:956)
	at org.junit.rules.ErrorCollector$1.call(ErrorCollector.java:65)
	at org.junit.rules.ErrorCollector.checkSucceeds(ErrorCollector.java:78)
	at org.junit.rules.ErrorCollector.checkThat(ErrorCollector.java:63)
	at dslab.scenario.lab1.TransferMailboxScenarioTest.scen_03_failureMessage(TransferMailboxScenarioTest.java:168)
	at java.base/jdk.internal.reflect.NativeMethodAccessorImpl.invoke0(Native Method)
	at java.base/jdk.internal.reflect.NativeMethodAccessorImpl.invoke(NativeMethodAccessorImpl.java:62)
	at java.base/jdk.internal.reflect.DelegatingMethodAccessorImpl.invoke(DelegatingMethodAccessorImpl.java:43)
	at java.base/java.lang.reflect.Method.invoke(Method.java:566)
	at org.junit.runners.model.FrameworkMethod$1.runReflectiveCall(FrameworkMethod.java:50)
	at org.junit.internal.runners.model.ReflectiveCallable.run(ReflectiveCallable.java:12)
	at org.junit.runners.model.FrameworkMethod.invokeExplosively(FrameworkMethod.java:47)
	at org.junit.internal.runners.statements.InvokeMethod.evaluate(InvokeMethod.java:17)
	at org.junit.rules.Verifier$1.evaluate(Verifier.java:35)
	at org.junit.rules.ExternalResource$1.evaluate(ExternalResource.java:48)
	at org.junit.rules.ExternalResource$1.evaluate(ExternalResource.java:48)
	at org.junit.internal.runners.statements.FailOnTimeout$CallableStatement.call(FailOnTimeout.java:298)
	at org.junit.internal.runners.statements.FailOnTimeout$CallableStatement.call(FailOnTimeout.java:292)
	at java.base/java.util.concurrent.FutureTask.run(FutureTask.java:264)
	at java.base/java.lang.Thread.run(Thread.java:829)
</failure>
  </testcase>
  <system-out><![CDATA[Test Run Finished: TransferMailboxScenarioTest
Test Name                                                                        Max Points      Earned Points  
-------------------------------------------------------------------              ----------      ------------   
scen_03_failureMessage                                                           2,00            0,00           
scen_01_simpleEmailSending                                                       1,50            1,50           
scen_02_multipleRecipients                                                       1,50            1,50           
Total points possible: 5.0
Total points earned: 3.0

]]></system-out>
  <system-err><![CDATA[Nov 15, 2023 1:31:29 AM dslab.ComponentRule before
INFO: Starting up component transfer-1
Nov 15, 2023 1:31:29 AM dslab.ComponentRule before
INFO: Starting thread with component dslab.transfer.TransferServer@7fee6784
Nov 15, 2023 1:31:29 AM dslab.rules.TransferServerRule waitForStartup
INFO: Waiting for DMTP server socket to appear for transfer-1
Nov 15, 2023 1:31:30 AM dslab.ComponentRule before
INFO: Starting up component mailbox-univer-ze
Nov 15, 2023 1:31:30 AM dslab.ComponentRule before
INFO: Starting thread with component dslab.mailbox.MailboxServer@7f950b68
Nov 15, 2023 1:31:30 AM dslab.rules.MailboxServerRule waitForStartup
INFO: Waiting for DMAP server socket to appear for mailbox-univer-ze
Nov 15, 2023 1:31:30 AM dslab.rules.MailboxServerRule waitForStartup
INFO: Waiting for DMTP server socket to appear for mailbox-univer-ze
Nov 15, 2023 1:31:30 AM dslab.ComponentRule before
INFO: Starting up component mailbox-earth-planet
Nov 15, 2023 1:31:30 AM dslab.ComponentRule before
INFO: Starting thread with component dslab.mailbox.MailboxServer@307cbb2d
Nov 15, 2023 1:31:30 AM dslab.rules.MailboxServerRule waitForStartup
INFO: Waiting for DMAP server socket to appear for mailbox-earth-planet
Nov 15, 2023 1:31:30 AM dslab.rules.MailboxServerRule waitForStartup
INFO: Waiting for DMTP server socket to appear for mailbox-earth-planet
Nov 15, 2023 1:31:31 AM dslab.scenario.lab1.TransferMailboxScenarioTest scen_01_simpleEmailSending
INFO: Sending message
Nov 15, 2023 1:31:32 AM dslab.scenario.lab1.TransferMailboxScenarioTest scen_01_simpleEmailSending
INFO: Checking mailbox server earth.planet
Nov 15, 2023 1:31:33 AM dslab.scenario.lab1.TransferMailboxScenarioTest scen_01_simpleEmailSending
INFO: Checking mailbox server which did not receive a message
Nov 15, 2023 1:31:40 AM dslab.ComponentRule before
INFO: Starting up component transfer-1
Nov 15, 2023 1:31:40 AM dslab.ComponentRule before
INFO: Starting thread with component dslab.transfer.TransferServer@23fde35d
Nov 15, 2023 1:31:40 AM dslab.rules.TransferServerRule waitForStartup
INFO: Waiting for DMTP server socket to appear for transfer-1
Nov 15, 2023 1:31:40 AM dslab.ComponentRule before
INFO: Starting up component mailbox-univer-ze
Nov 15, 2023 1:31:40 AM dslab.ComponentRule before
INFO: Starting thread with component dslab.mailbox.MailboxServer@5c23ec32
Nov 15, 2023 1:31:40 AM dslab.rules.MailboxServerRule waitForStartup
INFO: Waiting for DMAP server socket to appear for mailbox-univer-ze
Nov 15, 2023 1:31:40 AM dslab.rules.MailboxServerRule waitForStartup
INFO: Waiting for DMTP server socket to appear for mailbox-univer-ze
Nov 15, 2023 1:31:41 AM dslab.ComponentRule before
INFO: Starting up component mailbox-earth-planet
Nov 15, 2023 1:31:41 AM dslab.ComponentRule before
INFO: Starting thread with component dslab.mailbox.MailboxServer@52e409c6
Nov 15, 2023 1:31:41 AM dslab.rules.MailboxServerRule waitForStartup
INFO: Waiting for DMAP server socket to appear for mailbox-earth-planet
Nov 15, 2023 1:31:41 AM dslab.rules.MailboxServerRule waitForStartup
INFO: Waiting for DMTP server socket to appear for mailbox-earth-planet
Nov 15, 2023 1:31:41 AM dslab.scenario.lab1.TransferMailboxScenarioTest scen_02_multipleRecipients
INFO: Sending message
Nov 15, 2023 1:31:42 AM dslab.scenario.lab1.TransferMailboxScenarioTest scen_02_multipleRecipients
INFO: Checking mailbox server earth.planet
Nov 15, 2023 1:31:43 AM dslab.scenario.lab1.TransferMailboxScenarioTest scen_02_multipleRecipients
INFO: Checking mailbox server earth.planet
Nov 15, 2023 1:31:50 AM dslab.ComponentRule before
INFO: Starting up component transfer-1
Nov 15, 2023 1:31:50 AM dslab.ComponentRule before
INFO: Starting thread with component dslab.transfer.TransferServer@2355660
Nov 15, 2023 1:31:50 AM dslab.rules.TransferServerRule waitForStartup
INFO: Waiting for DMTP server socket to appear for transfer-1
Nov 15, 2023 1:31:50 AM dslab.ComponentRule before
INFO: Starting up component mailbox-univer-ze
Nov 15, 2023 1:31:50 AM dslab.ComponentRule before
INFO: Starting thread with component dslab.mailbox.MailboxServer@136dd828
Nov 15, 2023 1:31:50 AM dslab.rules.MailboxServerRule waitForStartup
INFO: Waiting for DMAP server socket to appear for mailbox-univer-ze
Nov 15, 2023 1:31:50 AM dslab.rules.MailboxServerRule waitForStartup
INFO: Waiting for DMTP server socket to appear for mailbox-univer-ze
Nov 15, 2023 1:31:51 AM dslab.ComponentRule before
INFO: Starting up component mailbox-earth-planet
Nov 15, 2023 1:31:51 AM dslab.ComponentRule before
INFO: Starting thread with component dslab.mailbox.MailboxServer@1daa3435
Nov 15, 2023 1:31:51 AM dslab.rules.MailboxServerRule waitForStartup
INFO: Waiting for DMAP server socket to appear for mailbox-earth-planet
Nov 15, 2023 1:31:51 AM dslab.rules.MailboxServerRule waitForStartup
INFO: Waiting for DMTP server socket to appear for mailbox-earth-planet
Nov 15, 2023 1:31:51 AM dslab.scenario.lab1.TransferMailboxScenarioTest scen_03_failureMessage
INFO: Sending message to non-existing email address
Nov 15, 2023 1:31:53 AM dslab.scenario.lab1.TransferMailboxScenarioTest scen_03_failureMessage
INFO: Checking mailbox server for error mail
]]></system-err>
</testsuite>
