<?xml version="1.0" encoding="UTF-8"?>
<testsuite name="dslab.scenario.lab1.TransferMailboxScenarioTest" tests="3" skipped="0" failures="0" errors="0" timestamp="2023-11-15T20:23:34" hostname="Thomass-MacBook-Pro-2.local" time="30.293">
  <properties/>
  <testcase name="scen_01_simpleEmailSending" classname="dslab.scenario.lab1.TransferMailboxScenarioTest" time="10.151"/>
  <testcase name="scen_02_multipleRecipients" classname="dslab.scenario.lab1.TransferMailboxScenarioTest" time="10.061"/>
  <testcase name="scen_03_failureMessage" classname="dslab.scenario.lab1.TransferMailboxScenarioTest" time="10.079"/>
  <system-out><![CDATA[Test Run Finished: TransferMailboxScenarioTest
Test Name                                                                        Max Points      Earned Points  
-------------------------------------------------------------------              ----------      ------------   
scen_03_failureMessage                                                           2,00            2,00           
scen_01_simpleEmailSending                                                       1,50            1,50           
scen_02_multipleRecipients                                                       1,50            1,50           
Total points possible: 5.0
Total points earned: 5.0

]]></system-out>
  <system-err><![CDATA[Nov 15, 2023 9:23:34 PM dslab.ComponentRule before
INFO: Starting up component transfer-1
Nov 15, 2023 9:23:34 PM dslab.ComponentRule before
INFO: Starting thread with component dslab.transfer.TransferServer@74f54256
Nov 15, 2023 9:23:34 PM dslab.rules.TransferServerRule waitForStartup
INFO: Waiting for DMTP server socket to appear for transfer-1
Nov 15, 2023 9:23:35 PM dslab.ComponentRule before
INFO: Starting up component mailbox-univer-ze
Nov 15, 2023 9:23:35 PM dslab.ComponentRule before
INFO: Starting thread with component dslab.mailbox.MailboxServer@50c9edae
Nov 15, 2023 9:23:35 PM dslab.rules.MailboxServerRule waitForStartup
INFO: Waiting for DMAP server socket to appear for mailbox-univer-ze
Nov 15, 2023 9:23:35 PM dslab.rules.MailboxServerRule waitForStartup
INFO: Waiting for DMTP server socket to appear for mailbox-univer-ze
Nov 15, 2023 9:23:35 PM dslab.ComponentRule before
INFO: Starting up component mailbox-earth-planet
Nov 15, 2023 9:23:35 PM dslab.ComponentRule before
INFO: Starting thread with component dslab.mailbox.MailboxServer@57ad16b6
Nov 15, 2023 9:23:35 PM dslab.rules.MailboxServerRule waitForStartup
INFO: Waiting for DMAP server socket to appear for mailbox-earth-planet
Nov 15, 2023 9:23:35 PM dslab.rules.MailboxServerRule waitForStartup
INFO: Waiting for DMTP server socket to appear for mailbox-earth-planet
Nov 15, 2023 9:23:36 PM dslab.scenario.lab1.TransferMailboxScenarioTest scen_01_simpleEmailSending
INFO: Sending message
Nov 15, 2023 9:23:37 PM dslab.scenario.lab1.TransferMailboxScenarioTest scen_01_simpleEmailSending
INFO: Checking mailbox server earth.planet
Nov 15, 2023 9:23:38 PM dslab.scenario.lab1.TransferMailboxScenarioTest scen_01_simpleEmailSending
INFO: Checking mailbox server which did not receive a message
Nov 15, 2023 9:23:44 PM dslab.ComponentRule before
INFO: Starting up component transfer-1
Nov 15, 2023 9:23:44 PM dslab.ComponentRule before
INFO: Starting thread with component dslab.transfer.TransferServer@2355660
Nov 15, 2023 9:23:44 PM dslab.rules.TransferServerRule waitForStartup
INFO: Waiting for DMTP server socket to appear for transfer-1
Nov 15, 2023 9:23:45 PM dslab.ComponentRule before
INFO: Starting up component mailbox-univer-ze
Nov 15, 2023 9:23:45 PM dslab.ComponentRule before
INFO: Starting thread with component dslab.mailbox.MailboxServer@58f3810c
Nov 15, 2023 9:23:45 PM dslab.rules.MailboxServerRule waitForStartup
INFO: Waiting for DMAP server socket to appear for mailbox-univer-ze
Nov 15, 2023 9:23:45 PM dslab.rules.MailboxServerRule waitForStartup
INFO: Waiting for DMTP server socket to appear for mailbox-univer-ze
Nov 15, 2023 9:23:45 PM dslab.ComponentRule before
INFO: Starting up component mailbox-earth-planet
Nov 15, 2023 9:23:45 PM dslab.ComponentRule before
INFO: Starting thread with component dslab.mailbox.MailboxServer@56347462
Nov 15, 2023 9:23:45 PM dslab.rules.MailboxServerRule waitForStartup
INFO: Waiting for DMAP server socket to appear for mailbox-earth-planet
Nov 15, 2023 9:23:45 PM dslab.rules.MailboxServerRule waitForStartup
INFO: Waiting for DMTP server socket to appear for mailbox-earth-planet
Nov 15, 2023 9:23:46 PM dslab.scenario.lab1.TransferMailboxScenarioTest scen_02_multipleRecipients
INFO: Sending message
Nov 15, 2023 9:23:47 PM dslab.scenario.lab1.TransferMailboxScenarioTest scen_02_multipleRecipients
INFO: Checking mailbox server earth.planet
Nov 15, 2023 9:23:48 PM dslab.scenario.lab1.TransferMailboxScenarioTest scen_02_multipleRecipients
INFO: Checking mailbox server earth.planet
Nov 15, 2023 9:23:54 PM dslab.ComponentRule before
INFO: Starting up component transfer-1
Nov 15, 2023 9:23:54 PM dslab.ComponentRule before
INFO: Starting thread with component dslab.transfer.TransferServer@5b18528
Nov 15, 2023 9:23:54 PM dslab.rules.TransferServerRule waitForStartup
INFO: Waiting for DMTP server socket to appear for transfer-1
Nov 15, 2023 9:23:55 PM dslab.ComponentRule before
INFO: Starting up component mailbox-univer-ze
Nov 15, 2023 9:23:55 PM dslab.ComponentRule before
INFO: Starting thread with component dslab.mailbox.MailboxServer@2096b1df
Nov 15, 2023 9:23:55 PM dslab.rules.MailboxServerRule waitForStartup
INFO: Waiting for DMAP server socket to appear for mailbox-univer-ze
Nov 15, 2023 9:23:55 PM dslab.rules.MailboxServerRule waitForStartup
INFO: Waiting for DMTP server socket to appear for mailbox-univer-ze
Nov 15, 2023 9:23:55 PM dslab.ComponentRule before
INFO: Starting up component mailbox-earth-planet
Nov 15, 2023 9:23:55 PM dslab.ComponentRule before
INFO: Starting thread with component dslab.mailbox.MailboxServer@2e515bbd
Nov 15, 2023 9:23:55 PM dslab.rules.MailboxServerRule waitForStartup
INFO: Waiting for DMAP server socket to appear for mailbox-earth-planet
Nov 15, 2023 9:23:55 PM dslab.rules.MailboxServerRule waitForStartup
INFO: Waiting for DMTP server socket to appear for mailbox-earth-planet
Nov 15, 2023 9:23:56 PM dslab.scenario.lab1.TransferMailboxScenarioTest scen_03_failureMessage
INFO: Sending message to non-existing email address
Nov 15, 2023 9:23:58 PM dslab.scenario.lab1.TransferMailboxScenarioTest scen_03_failureMessage
INFO: Checking mailbox server for error mail
]]></system-err>
</testsuite>
