<?xml version="1.0" encoding="UTF-8"?>
<testsuite name="dslab.monitoring.MonitoringServerTest" tests="2" skipped="0" failures="0" errors="0" timestamp="2023-11-15T19:45:11" hostname="Thomass-MacBook-Pro-2.local" time="160.412">
  <properties/>
  <testcase name="mon_00_runAndShutdownMonitoringServer_createsAndStopsUdpSocketCorrectly" classname="dslab.monitoring.MonitoringServerTest" time="6.027"/>
  <testcase name="mon_00_runAndShutdownMonitoringServer_createsAndStopsUdpSocketCorrectly" classname="dslab.monitoring.MonitoringServerTest" time="6.01"/>
  <system-out><![CDATA[Socket closed
Socket closed
Socket closed
Socket closed
Test Run Finished: MonitoringServerTest
Test Name                                                                        Max Points      Earned Points  
-------------------------------------------------------------------              ----------      ------------   
mon_00_runAndShutdownMonitoringServer_createsAndStopsUdpSocketCorrectly          0,50            0,50           
Total points possible: 0.5
Total points earned: 0.5

]]></system-out>
  <system-err><![CDATA[Nov 15, 2023 8:45:11 PM dslab.monitoring.MonitoringServerTest mon_00_runAndShutdownMonitoringServer_createsAndStopsUdpSocketCorrectly
INFO: Starting thread with component dslab.monitoring.MonitoringServer@13d9ac8
Nov 15, 2023 8:45:14 PM dslab.monitoring.MonitoringServerTest mon_00_runAndShutdownMonitoringServer_createsAndStopsUdpSocketCorrectly
INFO: Trying to create socket on port 12588
Nov 15, 2023 8:45:14 PM dslab.monitoring.MonitoringServerTest mon_00_runAndShutdownMonitoringServer_createsAndStopsUdpSocketCorrectly
INFO: Shutting down component dslab.monitoring.MonitoringServer@13d9ac8
Nov 15, 2023 8:45:17 PM dslab.monitoring.MonitoringServerTest mon_00_runAndShutdownMonitoringServer_createsAndStopsUdpSocketCorrectly
INFO: Waiting for thread to stop for component dslab.monitoring.MonitoringServer@13d9ac8
Nov 15, 2023 8:47:45 PM dslab.monitoring.MonitoringServerTest mon_00_runAndShutdownMonitoringServer_createsAndStopsUdpSocketCorrectly
INFO: Starting thread with component dslab.monitoring.MonitoringServer@7a53556c
Nov 15, 2023 8:47:48 PM dslab.monitoring.MonitoringServerTest mon_00_runAndShutdownMonitoringServer_createsAndStopsUdpSocketCorrectly
INFO: Trying to create socket on port 12588
Nov 15, 2023 8:47:48 PM dslab.monitoring.MonitoringServerTest mon_00_runAndShutdownMonitoringServer_createsAndStopsUdpSocketCorrectly
INFO: Shutting down component dslab.monitoring.MonitoringServer@7a53556c
Nov 15, 2023 8:47:51 PM dslab.monitoring.MonitoringServerTest mon_00_runAndShutdownMonitoringServer_createsAndStopsUdpSocketCorrectly
INFO: Waiting for thread to stop for component dslab.monitoring.MonitoringServer@7a53556c
]]></system-err>
</testsuite>
